<?xml version="1.0" encoding="UTF-8"?>
<!-- Generated by org.testng.reporters.JUnitXMLReporter -->
<testsuite ignored="0" hostname="Sathishkumar" failures="0" tests="6" name="Default test" time="93.641" errors="0" timestamp="2024-04-12T22:45:09 PDT">
  <testcase classname="TestRunner.EMITestRunner" name="emptyFields" time="8.516"/>
  <testcase classname="TestRunner.EMITestRunner" name="emiCalculation" time="4.21"/>
  <testcase classname="TestRunner.EMITestRunner" name="emiCalculation" time="4.377"/>
  <testcase classname="TestRunner.EMITestRunner" name="emiCalculation" time="3.948"/>
  <testcase classname="TestRunner.EMITestRunner" name="emiCalculation" time="4.048"/>
  <testcase classname="TestRunner.EMITestRunner" name="emiCalculation" time="4.009"/>
</testsuite> <!-- Default test -->
